[debug] [2018-10-12T11:11:17.571Z] ----------------------------------------------------------------------
[debug] [2018-10-12T11:11:17.574Z] Command:       /home/akshaymahajan/.nvm/versions/node/v10.10.0/bin/node /usr/bin/firebase deploy
[debug] [2018-10-12T11:11:17.574Z] CLI Version:   4.2.1
[debug] [2018-10-12T11:11:17.574Z] Platform:      linux
[debug] [2018-10-12T11:11:17.574Z] Node Version:  v10.10.0
[debug] [2018-10-12T11:11:17.574Z] Time:          Fri Oct 12 2018 16:41:17 GMT+0530 (India Standard Time)
[debug] [2018-10-12T11:11:17.574Z] ----------------------------------------------------------------------
[debug] 
[debug] [2018-10-12T11:11:17.582Z] > command requires scopes: ["email","openid","https://www.googleapis.com/auth/cloudplatformprojects.readonly","https://www.googleapis.com/auth/firebase","https://www.googleapis.com/auth/cloud-platform"]
[debug] [2018-10-12T11:11:17.583Z] > authorizing via signed-in user
[debug] [2018-10-12T11:11:17.585Z] >>> HTTP REQUEST GET https://admin.firebase.com/v1/projects/sample-ada8e  
 
[debug] [2018-10-12T11:11:19.902Z] <<< HTTP RESPONSE 200
[info] 
[info] === Deploying to 'sample-ada8e'...
[info] 
[info] i  deploying functions, hosting
[debug] [2018-10-12T11:11:21.951Z] > [functions] package.json contents: {
  "name": "functions",
  "description": "Cloud Functions for Firebase",
  "scripts": {
    "serve": "firebase serve --only functions",
    "shell": "firebase functions:shell",
    "start": "npm run shell",
    "deploy": "firebase deploy --only functions",
    "logs": "firebase functions:log"
  },
  "dependencies": {
    "firebase-admin": "~6.0.0",
    "firebase-functions": "^2.0.3",
    "nodemailer": "^4.6.8"
  },
  "private": true
}
[info] i  functions: ensuring necessary APIs are enabled...
[debug] [2018-10-12T11:11:21.953Z] >>> HTTP REQUEST GET https://servicemanagement.googleapis.com/v1/services/cloudfunctions.googleapis.com/projectSettings/sample-ada8e?view=CONSUMER_VIEW  
 
[debug] [2018-10-12T11:11:21.954Z] >>> HTTP REQUEST GET https://servicemanagement.googleapis.com/v1/services/runtimeconfig.googleapis.com/projectSettings/sample-ada8e?view=CONSUMER_VIEW  
 
[debug] [2018-10-12T11:11:24.781Z] <<< HTTP RESPONSE 200
[debug] [2018-10-12T11:11:24.816Z] <<< HTTP RESPONSE 200
[info] ✔  functions: all necessary APIs are enabled
[debug] [2018-10-12T11:11:24.818Z] >>> HTTP REQUEST GET https://cloudresourcemanager.googleapis.com/v1/projects/sample-ada8e  
 
[debug] [2018-10-12T11:11:26.891Z] <<< HTTP RESPONSE 200
[debug] [2018-10-12T11:11:26.891Z] >>> HTTP REQUEST GET https://mobilesdk-pa.googleapis.com/v1/projects/621164607010:getServerAppConfig  
 
[debug] [2018-10-12T11:11:27.814Z] <<< HTTP RESPONSE 200
[debug] [2018-10-12T11:11:27.815Z] >>> HTTP REQUEST POST https://firebasehosting.googleapis.com/v1beta1/sites/sample-ada8e/versions  

